<?xml version="1.0" encoding="UTF-8"?>
<!-- Generated by org.testng.reporters.JUnitXMLReporter -->
<testsuite hostname="DESKTOP-U7DEA5S" ignored="0" name="Default test" tests="1" failures="0" timestamp="07 Mar 2020 15:04:07 GMT" time="0.034" errors="0">
  <testcase name="@BeforeSuite setup" time="11.86" classname="com.ui.Login">
    <failure type="org.openqa.selenium.SessionNotCreatedException" message="session not created: This version of ChromeDriver only supports Chrome version 79
Build info: version: &amp;apos;3.14.0&amp;apos;, revision: &amp;apos;aacccce0&amp;apos;, time: &amp;apos;2018-08-02T20:19:58.91Z&amp;apos;
System info: host: &amp;apos;DESKTOP-U7DEA5S&amp;apos;, ip: &amp;apos;192.168.0.7&amp;apos;, os.name: &amp;apos;Windows 10&amp;apos;, os.arch: &amp;apos;x86&amp;apos;, os.version: &amp;apos;10.0&amp;apos;, java.version: &amp;apos;1.8.0_211&amp;apos;
Driver info: driver.version: ChromeDriver
remote stacktrace: Backtrace:
	Ordinal0 [0x012F9F93+1548179]
	Ordinal0 [0x0127DC51+1039441]
	Ordinal0 [0x011FE495+517269]
	Ordinal0 [0x0118FD34+64820]
	Ordinal0 [0x0118C61E+50718]
	Ordinal0 [0x011AB797+178071]
	Ordinal0 [0x011AB59D+177565]
	Ordinal0 [0x011A95FB+169467]
	Ordinal0 [0x0119160A+71178]
	Ordinal0 [0x01192690+75408]
	Ordinal0 [0x01192629+75305]
	Ordinal0 [0x01297047+1142855]
	GetHandleVerifier [0x01392996+507766]
	GetHandleVerifier [0x013926B4+507028]
	GetHandleVerifier [0x01399D97+537463]
	GetHandleVerifier [0x01393252+510002]
	Ordinal0 [0x0128F12C+1110316]
	Ordinal0 [0x0129921B+1151515]
	Ordinal0 [0x01299383+1151875]
	Ordinal0 [0x01298285+1147525]
	BaseThreadInitThunk [0x754AE529+25]
	RtlQueryHeapInformation [0x76FE9EB1+1217]
	RtlQueryHeapInformation [0x76FE9E85+1173]
">
      <![CDATA[org.openqa.selenium.SessionNotCreatedException: session not created: This version of ChromeDriver only supports Chrome version 79
Build info: version: '3.14.0', revision: 'aacccce0', time: '2018-08-02T20:19:58.91Z'
System info: host: 'DESKTOP-U7DEA5S', ip: '192.168.0.7', os.name: 'Windows 10', os.arch: 'x86', os.version: '10.0', java.version: '1.8.0_211'
Driver info: driver.version: ChromeDriver
remote stacktrace: Backtrace:
Ordinal0 [0x012F9F93+1548179]
Ordinal0 [0x0127DC51+1039441]
Ordinal0 [0x011FE495+517269]
Ordinal0 [0x0118FD34+64820]
Ordinal0 [0x0118C61E+50718]
Ordinal0 [0x011AB797+178071]
Ordinal0 [0x011AB59D+177565]
Ordinal0 [0x011A95FB+169467]
Ordinal0 [0x0119160A+71178]
Ordinal0 [0x01192690+75408]
Ordinal0 [0x01192629+75305]
Ordinal0 [0x01297047+1142855]
GetHandleVerifier [0x01392996+507766]
GetHandleVerifier [0x013926B4+507028]
GetHandleVerifier [0x01399D97+537463]
GetHandleVerifier [0x01393252+510002]
Ordinal0 [0x0128F12C+1110316]
Ordinal0 [0x0129921B+1151515]
Ordinal0 [0x01299383+1151875]
Ordinal0 [0x01298285+1147525]
BaseThreadInitThunk [0x754AE529+25]
RtlQueryHeapInformation [0x76FE9EB1+1217]
RtlQueryHeapInformation [0x76FE9E85+1173]

at sun.reflect.NativeConstructorAccessorImpl.newInstance0(Native Method)
at sun.reflect.NativeConstructorAccessorImpl.newInstance(Unknown Source)
at sun.reflect.DelegatingConstructorAccessorImpl.newInstance(Unknown Source)
at java.lang.reflect.Constructor.newInstance(Unknown Source)
at org.openqa.selenium.remote.W3CHandshakeResponse.lambda$new$0(W3CHandshakeResponse.java:57)
at org.openqa.selenium.remote.W3CHandshakeResponse.lambda$getResponseFunction$2(W3CHandshakeResponse.java:104)
at org.openqa.selenium.remote.ProtocolHandshake.lambda$createSession$0(ProtocolHandshake.java:122)
at java.util.stream.ReferencePipeline$3$1.accept(Unknown Source)
at java.util.Spliterators$ArraySpliterator.tryAdvance(Unknown Source)
at java.util.stream.ReferencePipeline.forEachWithCancel(Unknown Source)
at java.util.stream.AbstractPipeline.copyIntoWithCancel(Unknown Source)
at java.util.stream.AbstractPipeline.copyInto(Unknown Source)
at java.util.stream.AbstractPipeline.wrapAndCopyInto(Unknown Source)
at java.util.stream.FindOps$FindOp.evaluateSequential(Unknown Source)
at java.util.stream.AbstractPipeline.evaluate(Unknown Source)
at java.util.stream.ReferencePipeline.findFirst(Unknown Source)
at org.openqa.selenium.remote.ProtocolHandshake.createSession(ProtocolHandshake.java:125)
at org.openqa.selenium.remote.ProtocolHandshake.createSession(ProtocolHandshake.java:73)
at org.openqa.selenium.remote.HttpCommandExecutor.execute(HttpCommandExecutor.java:136)
at org.openqa.selenium.remote.service.DriverCommandExecutor.execute(DriverCommandExecutor.java:83)
at org.openqa.selenium.remote.RemoteWebDriver.execute(RemoteWebDriver.java:548)
at org.openqa.selenium.remote.RemoteWebDriver.startSession(RemoteWebDriver.java:212)
at org.openqa.selenium.remote.RemoteWebDriver.<init>(RemoteWebDriver.java:130)
at org.openqa.selenium.chrome.ChromeDriver.<init>(ChromeDriver.java:181)
at org.openqa.selenium.chrome.ChromeDriver.<init>(ChromeDriver.java:168)
at org.openqa.selenium.chrome.ChromeDriver.<init>(ChromeDriver.java:123)
at com.ui.Login.setup(Login.java:23)
at sun.reflect.NativeMethodAccessorImpl.invoke0(Native Method)
at sun.reflect.NativeMethodAccessorImpl.invoke(Unknown Source)
at sun.reflect.DelegatingMethodAccessorImpl.invoke(Unknown Source)
at java.lang.reflect.Method.invoke(Unknown Source)
at org.testng.internal.MethodInvocationHelper.invokeMethod(MethodInvocationHelper.java:124)
at org.testng.internal.MethodInvocationHelper.invokeMethodConsideringTimeout(MethodInvocationHelper.java:59)
at org.testng.internal.Invoker.invokeConfigurationMethod(Invoker.java:458)
at org.testng.internal.Invoker.invokeConfigurations(Invoker.java:222)
at org.testng.internal.Invoker.invokeConfigurations(Invoker.java:142)
at org.testng.SuiteRunner.privateRun(SuiteRunner.java:401)
at org.testng.SuiteRunner.run(SuiteRunner.java:364)
at org.testng.SuiteRunnerWorker.runSuite(SuiteRunnerWorker.java:52)
at org.testng.SuiteRunnerWorker.run(SuiteRunnerWorker.java:84)
at org.testng.TestNG.runSuitesSequentially(TestNG.java:1208)
at org.testng.TestNG.runSuitesLocally(TestNG.java:1137)
at org.testng.TestNG.runSuites(TestNG.java:1049)
at org.testng.TestNG.run(TestNG.java:1017)
at org.testng.remote.AbstractRemoteTestNG.run(AbstractRemoteTestNG.java:114)
at org.testng.remote.RemoteTestNG.initAndRun(RemoteTestNG.java:251)
at org.testng.remote.RemoteTestNG.main(RemoteTestNG.java:77)
]]>
    </failure>
  </testcase> <!-- @BeforeSuite setup -->
  <testcase name="testOne" time="0.0" classname="com.ui.Login">
    <skipped/>
  </testcase> <!-- testOne -->
</testsuite> <!-- Default test -->
